# JRE version: Java(TM) SE Runtime Environment (12.0+33) (build 12+33)
# Java VM: Java HotSpot(TM) 64-Bit Server VM (12+33, mixed mode, sharing, tiered, compressed oops, g1 gc, windows-amd64)
Heap:
 garbage-first heap   total 146432K, used 71266K [0x00000000c1400000, 0x0000000100000000)
  region size 1024K, 2 young (2048K), 2 survivors (2048K)
 Metaspace       used 5257K, capacity 5511K, committed 5632K, reserved 1056768K
  class space    used 591K, capacity 710K, committed 768K, reserved 1048576K
GC Heap History (10 events):
Event: 1.885 GC heap after
{Heap after GC invocations=11 (full 0):
 garbage-first heap   total 97280K, used 46835K [0x00000000c1400000, 0x0000000100000000)
  region size 1024K, 2 young (2048K), 2 survivors (2048K)
 Metaspace       used 5257K, capacity 5511K, committed 5632K, reserved 1056768K
  class space    used 591K, capacity 710K, committed 768K, reserved 1048576K
}
Event: 2.014 GC heap before
{Heap before GC invocations=12 (full 0):
 garbage-first heap   total 97280K, used 63219K [0x00000000c1400000, 0x0000000100000000)
  region size 1024K, 19 young (19456K), 2 survivors (2048K)
 Metaspace       used 5257K, capacity 5511K, committed 5632K, reserved 1056768K
  class space    used 591K, capacity 710K, committed 768K, reserved 1048576K
}
Event: 2.018 GC heap after
{Heap after GC invocations=13 (full 0):
 garbage-first heap   total 97280K, used 46840K [0x00000000c1400000, 0x0000000100000000)
  region size 1024K, 2 young (2048K), 2 survivors (2048K)
 Metaspace       used 5257K, capacity 5511K, committed 5632K, reserved 1056768K
  class space    used 591K, capacity 710K, committed 768K, reserved 1048576K
}
Event: 2.213 GC heap before
{Heap before GC invocations=14 (full 0):
 garbage-first heap   total 121856K, used 99064K [0x00000000c1400000, 0x0000000100000000)
  region size 1024K, 29 young (29696K), 2 survivors (2048K)
 Metaspace       used 5257K, capacity 5511K, committed 5632K, reserved 1056768K
  class space    used 591K, capacity 710K, committed 768K, reserved 1048576K
}
Event: 2.216 GC heap after
{Heap after GC invocations=15 (full 0):
 garbage-first heap   total 121856K, used 71408K [0x00000000c1400000, 0x0000000100000000)
  region size 1024K, 2 young (2048K), 2 survivors (2048K)
 Metaspace       used 5257K, capacity 5511K, committed 5632K, reserved 1056768K
  class space    used 591K, capacity 710K, committed 768K, reserved 1048576K
}
Event: 2.352 GC heap before
{Heap before GC invocations=15 (full 0):
 garbage-first heap   total 121856K, used 99056K [0x00000000c1400000, 0x0000000100000000)
  region size 1024K, 29 young (29696K), 2 survivors (2048K)
 Metaspace       used 5257K, capacity 5511K, committed 5632K, reserved 1056768K
  class space    used 591K, capacity 710K, committed 768K, reserved 1048576K
}
Event: 2.357 GC heap after
{Heap after GC invocations=16 (full 0):
 garbage-first heap   total 121856K, used 71416K [0x00000000c1400000, 0x0000000100000000)
  region size 1024K, 2 young (2048K), 2 survivors (2048K)
 Metaspace       used 5257K, capacity 5511K, committed 5632K, reserved 1056768K
  class space    used 591K, capacity 710K, committed 768K, reserved 1048576K
}
Event: 2.523 GC heap before
{Heap before GC invocations=17 (full 0):
 garbage-first heap   total 121856K, used 100088K [0x00000000c1400000, 0x0000000100000000)
  region size 1024K, 30 young (30720K), 2 survivors (2048K)
 Metaspace       used 5257K, capacity 5511K, committed 5632K, reserved 1056768K
  class space    used 591K, capacity 710K, committed 768K, reserved 1048576K
}
Event: 2.527 GC heap after
{Heap after GC invocations=18 (full 0):
 garbage-first heap   total 121856K, used 71266K [0x00000000c1400000, 0x0000000100000000)
  region size 1024K, 2 young (2048K), 2 survivors (2048K)
 Metaspace       used 5257K, capacity 5511K, committed 5632K, reserved 1056768K
  class space    used 591K, capacity 710K, committed 768K, reserved 1048576K
}
Event: 2.706 GC heap before
{Heap before GC invocations=18 (full 0):
 garbage-first heap   total 121856K, used 99938K [0x00000000c1400000, 0x0000000100000000)
  region size 1024K, 30 young (30720K), 2 survivors (2048K)
 Metaspace       used 5257K, capacity 5511K, committed 5632K, reserved 1056768K
  class space    used 591K, capacity 710K, committed 768K, reserved 1048576K
}

