# JRE version: Java(TM) SE Runtime Environment (12.0+33) (build 12+33)
# Java VM: Java HotSpot(TM) 64-Bit Server VM (12+33, mixed mode, sharing, tiered, compressed oops, g1 gc, windows-amd64)
Heap:
 garbage-first heap   total 146432K, used 71256K [0x00000000c1400000, 0x0000000100000000)
  region size 1024K, 2 young (2048K), 2 survivors (2048K)
 Metaspace       used 5253K, capacity 5511K, committed 5632K, reserved 1056768K
  class space    used 591K, capacity 710K, committed 768K, reserved 1048576K
GC Heap History (10 events):
Event: 1.409 GC heap after
{Heap after GC invocations=7 (full 0):
 garbage-first heap   total 80896K, used 46785K [0x00000000c1400000, 0x0000000100000000)
  region size 1024K, 2 young (2048K), 2 survivors (2048K)
 Metaspace       used 5248K, capacity 5511K, committed 5632K, reserved 1056768K
  class space    used 589K, capacity 710K, committed 768K, reserved 1048576K
}
Event: 1.549 GC heap before
{Heap before GC invocations=7 (full 0):
 garbage-first heap   total 80896K, used 68289K [0x00000000c1400000, 0x0000000100000000)
  region size 1024K, 23 young (23552K), 2 survivors (2048K)
 Metaspace       used 5252K, capacity 5511K, committed 5632K, reserved 1056768K
  class space    used 591K, capacity 710K, committed 768K, reserved 1048576K
}
Event: 1.554 GC heap after
{Heap after GC invocations=8 (full 0):
 garbage-first heap   total 97280K, used 46805K [0x00000000c1400000, 0x0000000100000000)
  region size 1024K, 2 young (2048K), 2 survivors (2048K)
 Metaspace       used 5252K, capacity 5511K, committed 5632K, reserved 1056768K
  class space    used 591K, capacity 710K, committed 768K, reserved 1048576K
}
Event: 1.730 GC heap before
{Heap before GC invocations=9 (full 0):
 garbage-first heap   total 97280K, used 74453K [0x00000000c1400000, 0x0000000100000000)
  region size 1024K, 29 young (29696K), 2 survivors (2048K)
 Metaspace       used 5252K, capacity 5511K, committed 5632K, reserved 1056768K
  class space    used 591K, capacity 710K, committed 768K, reserved 1048576K
}
Event: 1.734 GC heap after
{Heap after GC invocations=10 (full 0):
 garbage-first heap   total 97280K, used 46667K [0x00000000c1400000, 0x0000000100000000)
  region size 1024K, 2 young (2048K), 2 survivors (2048K)
 Metaspace       used 5252K, capacity 5511K, committed 5632K, reserved 1056768K
  class space    used 591K, capacity 710K, committed 768K, reserved 1048576K
}
Event: 1.883 GC heap before
{Heap before GC invocations=10 (full 0):
 garbage-first heap   total 97280K, used 75339K [0x00000000c1400000, 0x0000000100000000)
  region size 1024K, 30 young (30720K), 2 survivors (2048K)
 Metaspace       used 5252K, capacity 5511K, committed 5632K, reserved 1056768K
  class space    used 591K, capacity 710K, committed 768K, reserved 1048576K
}
Event: 1.886 GC heap after
{Heap after GC invocations=11 (full 0):
 garbage-first heap   total 97280K, used 46817K [0x00000000c1400000, 0x0000000100000000)
  region size 1024K, 2 young (2048K), 2 survivors (2048K)
 Metaspace       used 5252K, capacity 5511K, committed 5632K, reserved 1056768K
  class space    used 591K, capacity 710K, committed 768K, reserved 1048576K
}
Event: 1.913 GC heap before
{Heap before GC invocations=12 (full 0):
 garbage-first heap   total 97280K, used 49889K [0x00000000c1400000, 0x0000000100000000)
  region size 1024K, 6 young (6144K), 2 survivors (2048K)
 Metaspace       used 5253K, capacity 5511K, committed 5632K, reserved 1056768K
  class space    used 591K, capacity 710K, committed 768K, reserved 1048576K
}
Event: 1.917 GC heap after
{Heap after GC invocations=13 (full 0):
 garbage-first heap   total 97280K, used 46685K [0x00000000c1400000, 0x0000000100000000)
  region size 1024K, 2 young (2048K), 2 survivors (2048K)
 Metaspace       used 5253K, capacity 5511K, committed 5632K, reserved 1056768K
  class space    used 591K, capacity 710K, committed 768K, reserved 1048576K
}
Event: 2.103 GC heap before
{Heap before GC invocations=14 (full 0):
 garbage-first heap   total 121856K, used 95837K [0x00000000c1400000, 0x0000000100000000)
  region size 1024K, 27 young (27648K), 2 survivors (2048K)
 Metaspace       used 5253K, capacity 5511K, committed 5632K, reserved 1056768K
  class space    used 591K, capacity 710K, committed 768K, reserved 1048576K
}

