# JRE version: Java(TM) SE Runtime Environment (12.0+33) (build 12+33)
# Java VM: Java HotSpot(TM) 64-Bit Server VM (12+33, mixed mode, sharing, tiered, compressed oops, g1 gc, windows-amd64)
Heap:
 garbage-first heap   total 146432K, used 71406K [0x00000000c1400000, 0x0000000100000000)
  region size 1024K, 2 young (2048K), 2 survivors (2048K)
 Metaspace       used 5250K, capacity 5513K, committed 5632K, reserved 1056768K
  class space    used 593K, capacity 712K, committed 768K, reserved 1048576K
GC Heap History (10 events):
Event: 1.225 GC heap after
{Heap after GC invocations=7 (full 0):
 garbage-first heap   total 80896K, used 46729K [0x00000000c1400000, 0x0000000100000000)
  region size 1024K, 2 young (2048K), 2 survivors (2048K)
 Metaspace       used 5246K, capacity 5513K, committed 5632K, reserved 1056768K
  class space    used 591K, capacity 712K, committed 768K, reserved 1048576K
}
Event: 1.344 GC heap before
{Heap before GC invocations=7 (full 0):
 garbage-first heap   total 80896K, used 68233K [0x00000000c1400000, 0x0000000100000000)
  region size 1024K, 23 young (23552K), 2 survivors (2048K)
 Metaspace       used 5246K, capacity 5513K, committed 5632K, reserved 1056768K
  class space    used 591K, capacity 712K, committed 768K, reserved 1048576K
}
Event: 1.349 GC heap after
{Heap after GC invocations=8 (full 0):
 garbage-first heap   total 97280K, used 46667K [0x00000000c1400000, 0x0000000100000000)
  region size 1024K, 2 young (2048K), 2 survivors (2048K)
 Metaspace       used 5246K, capacity 5513K, committed 5632K, reserved 1056768K
  class space    used 591K, capacity 712K, committed 768K, reserved 1048576K
}
Event: 1.519 GC heap before
{Heap before GC invocations=9 (full 0):
 garbage-first heap   total 97280K, used 74315K [0x00000000c1400000, 0x0000000100000000)
  region size 1024K, 29 young (29696K), 2 survivors (2048K)
 Metaspace       used 5250K, capacity 5513K, committed 5632K, reserved 1056768K
  class space    used 593K, capacity 712K, committed 768K, reserved 1048576K
}
Event: 1.522 GC heap after
{Heap after GC invocations=10 (full 0):
 garbage-first heap   total 97280K, used 46817K [0x00000000c1400000, 0x0000000100000000)
  region size 1024K, 2 young (2048K), 2 survivors (2048K)
 Metaspace       used 5250K, capacity 5513K, committed 5632K, reserved 1056768K
  class space    used 593K, capacity 712K, committed 768K, reserved 1048576K
}
Event: 1.669 GC heap before
{Heap before GC invocations=10 (full 0):
 garbage-first heap   total 97280K, used 75489K [0x00000000c1400000, 0x0000000100000000)
  region size 1024K, 30 young (30720K), 2 survivors (2048K)
 Metaspace       used 5250K, capacity 5513K, committed 5632K, reserved 1056768K
  class space    used 593K, capacity 712K, committed 768K, reserved 1048576K
}
Event: 1.672 GC heap after
{Heap after GC invocations=11 (full 0):
 garbage-first heap   total 97280K, used 46802K [0x00000000c1400000, 0x0000000100000000)
  region size 1024K, 2 young (2048K), 2 survivors (2048K)
 Metaspace       used 5250K, capacity 5513K, committed 5632K, reserved 1056768K
  class space    used 593K, capacity 712K, committed 768K, reserved 1048576K
}
Event: 1.701 GC heap before
{Heap before GC invocations=12 (full 0):
 garbage-first heap   total 97280K, used 49874K [0x00000000c1400000, 0x0000000100000000)
  region size 1024K, 6 young (6144K), 2 survivors (2048K)
 Metaspace       used 5250K, capacity 5513K, committed 5632K, reserved 1056768K
  class space    used 593K, capacity 712K, committed 768K, reserved 1048576K
}
Event: 1.704 GC heap after
{Heap after GC invocations=13 (full 0):
 garbage-first heap   total 97280K, used 46682K [0x00000000c1400000, 0x0000000100000000)
  region size 1024K, 2 young (2048K), 2 survivors (2048K)
 Metaspace       used 5250K, capacity 5513K, committed 5632K, reserved 1056768K
  class space    used 593K, capacity 712K, committed 768K, reserved 1048576K
}
Event: 1.884 GC heap before
{Heap before GC invocations=14 (full 0):
 garbage-first heap   total 121856K, used 95834K [0x00000000c1400000, 0x0000000100000000)
  region size 1024K, 27 young (27648K), 2 survivors (2048K)
 Metaspace       used 5250K, capacity 5513K, committed 5632K, reserved 1056768K
  class space    used 593K, capacity 712K, committed 768K, reserved 1048576K
}

